[INFO] 01:42:51 (DefaultServlet.java:process:45)handling query from client:  REG_BY_USER 

[INFO] 01:42:51 (DefaultServlet.java:process:48)Connection count: 0 

[INFO] 01:51:28 (RegistrationPageFilter.java:destroy:51)Destroy registration filter 

[INFO] 01:51:44 (RegistrationPageFilter.java:init:20)Init registration filter  

[INFO] 01:53:11 (JDBCConnectionPool.java:loadDrivers:119)Downloaded mysql.jdbc.Driver. 

[INFO] 01:53:11 (JDBCConnectionPool.java:loadDrivers:131)Driver registered in Driver Manager. 

[INFO] 01:53:11 (DefaultServlet.java:process:45)handling query from client:  REG_BY_USER 

[INFO] 01:53:11 (AbstractValidator.java:validateManager:29)Valiodation of field with information: Moroz 

[INFO] 01:53:11 (AbstractValidator.java:validateManager:31)validated true 

[INFO] 01:53:11 (AbstractValidator.java:validateManager:29)Valiodation of field with information: moroz 

[INFO] 01:53:11 (AbstractValidator.java:validateManager:31)validated true 

[INFO] 01:53:12 (JDBCConnectionPool.java:newConnection:79)Created new connection com.mysql.jdbc.JDBC4Connection@3ed10531 

[INFO] 01:53:12 (AbstractJDBCDao.java:getConnectionFromPool:164)created connection: com.mysql.jdbc.JDBC4Connection@3ed10531 

[INFO] 01:53:12 (AbstractJDBCDao.java:insert:66)Insert into db new object UserAutentif{id=0, login='Moroz', password='moroz', user_id=0} 

[INFO] 01:53:12 (JDBCConnectionPoolDataSource.java:<clinit>:30)Created instance of DataSource  

[INFO] 01:53:12 (DefaultServlet.java:process:48)Connection count: 0 

[INFO] 03:02:29 (RegistrationPageFilter.java:destroy:51)Destroy registration filter 

[INFO] 04:09:20 (RegistrationPageFilter.java:init:20)Init registration filter  

[INFO] 04:09:58 (JDBCConnectionPool.java:loadDrivers:119)Downloaded mysql.jdbc.Driver. 

[INFO] 04:09:58 (JDBCConnectionPool.java:loadDrivers:131)Driver registered in Driver Manager. 

[INFO] 04:09:58 (DefaultServlet.java:process:45)handling query from client:  REG_BY_USER 

[INFO] 04:09:59 (JDBCConnectionPoolDataSource.java:<clinit>:30)Created instance of DataSource  

[INFO] 04:09:59 (DefaultServlet.java:process:48)Connection count: 0 

[INFO] 04:10:13 (DefaultServlet.java:process:45)handling query from client:  REG_BY_USER 

[INFO] 04:10:13 (AbstractValidator.java:validateManager:29)Valiodation of field with information: Vladislav 

[INFO] 04:10:13 (AbstractValidator.java:validateManager:31)validated true 

[INFO] 04:10:13 (AbstractValidator.java:validateManager:29)Valiodation of field with information: 12345 

[INFO] 04:10:13 (AbstractValidator.java:validateManager:31)validated true 

[INFO] 04:10:13 (AbstractValidator.java:validateManager:29)Valiodation of field with information: 12345 

[INFO] 04:10:13 (AbstractValidator.java:validateManager:31)validated true 

[INFO] 04:10:14 (JDBCConnectionPool.java:newConnection:79)Created new connection com.mysql.jdbc.JDBC4Connection@18526df9 

[INFO] 04:10:14 (AbstractJDBCDao.java:getConnectionFromPool:164)created connection: com.mysql.jdbc.JDBC4Connection@18526df9 

[INFO] 04:10:14 (AbstractJDBCDao.java:insert:66)Insert into db new object UserAutentif{id=0, login='Vladislav', password='12345', user_id=0} 

[INFO] 04:10:14 (DefaultServlet.java:process:48)Connection count: 0 

